{"/Users/darlanmendonca/projects/normalize-obj/lib/normalize-obj.js":{"path":"/Users/darlanmendonca/projects/normalize-obj/lib/normalize-obj.js","s":{"1":1,"2":8,"3":1,"4":8,"5":8,"6":8,"7":8,"8":12,"9":1,"10":11,"11":11,"12":11,"13":11,"14":11,"15":11,"16":11,"17":1,"18":11,"19":8},"b":{"1":[1,11],"2":[11,7],"3":[1,10]},"f":{"1":8,"2":8,"3":12},"fnMap":{"1":{"name":"(anonymous_1)","line":3,"loc":{"start":{"line":3,"column":17},"end":{"line":3,"column":31}}},"2":{"name":"NormalizeKeys","line":7,"loc":{"start":{"line":7,"column":0},"end":{"line":7,"column":28}}},"3":{"name":"(anonymous_3)","line":12,"loc":{"start":{"line":12,"column":14},"end":{"line":12,"column":41}}}},"statementMap":{"1":{"start":{"line":3,"column":0},"end":{"line":5,"column":2}},"2":{"start":{"line":4,"column":1},"end":{"line":4,"column":31}},"3":{"start":{"line":7,"column":0},"end":{"line":35,"column":1}},"4":{"start":{"line":8,"column":1},"end":{"line":8,"column":36}},"5":{"start":{"line":9,"column":1},"end":{"line":9,"column":36}},"6":{"start":{"line":10,"column":1},"end":{"line":10,"column":39}},"7":{"start":{"line":12,"column":1},"end":{"line":32,"column":3}},"8":{"start":{"line":14,"column":2},"end":{"line":16,"column":3}},"9":{"start":{"line":15,"column":3},"end":{"line":15,"column":14}},"10":{"start":{"line":18,"column":2},"end":{"line":18,"column":41}},"11":{"start":{"line":19,"column":2},"end":{"line":19,"column":22}},"12":{"start":{"line":21,"column":2},"end":{"line":21,"column":37}},"13":{"start":{"line":22,"column":2},"end":{"line":22,"column":55}},"14":{"start":{"line":23,"column":2},"end":{"line":23,"column":34}},"15":{"start":{"line":24,"column":2},"end":{"line":25,"column":50}},"16":{"start":{"line":27,"column":2},"end":{"line":29,"column":3}},"17":{"start":{"line":28,"column":3},"end":{"line":28,"column":25}},"18":{"start":{"line":31,"column":2},"end":{"line":31,"column":13}},"19":{"start":{"line":34,"column":1},"end":{"line":34,"column":12}}},"branchMap":{"1":{"line":14,"type":"if","locations":[{"start":{"line":14,"column":2},"end":{"line":14,"column":2}},{"start":{"line":14,"column":2},"end":{"line":14,"column":2}}]},"2":{"line":24,"type":"binary-expr","locations":[{"start":{"line":24,"column":23},"end":{"line":24,"column":32}},{"start":{"line":25,"column":3},"end":{"line":25,"column":49}}]},"3":{"line":27,"type":"if","locations":[{"start":{"line":27,"column":2},"end":{"line":27,"column":2}},{"start":{"line":27,"column":2},"end":{"line":27,"column":2}}]}}}}